<?xml version="1.0" encoding="UTF-8"?>
<!-- Generated by org.testng.reporters.JUnitXMLReporter -->
<testsuite ignored="0" hostname="DESKTOP-CJB6RNK" failures="1" tests="3" name="Cure Fit validation" time="51.598" errors="0" timestamp="2022-01-29T08:16:09 PST">
  <testcase classname="test.CureFitTests" name="Challenge4" time="14.225"/>
  <testcase classname="test.CureFitTests" name="Challenge5" time="13.577">
    <failure type="org.openqa.selenium.InvalidElementStateException" message="Tap at [x=-112.5, y=1192.5] has failed
Build info: version: &amp;apos;3.141.59&amp;apos;, revision: &amp;apos;e82be7d358&amp;apos;, time: &amp;apos;2018-11-14T08:17:03&amp;apos;
System info: host: &amp;apos;DESKTOP-CJB6RNK&amp;apos;, ip: &amp;apos;192.168.1.124&amp;apos;, os.name: &amp;apos;Windows 10&amp;apos;, os.arch: &amp;apos;amd64&amp;apos;, os.version: &amp;apos;10.0&amp;apos;, java.version: &amp;apos;14.0.2&amp;apos;
Driver info: io.appium.java_client.android.AndroidDriver
Capabilities {appActivity: curefit.me.MainActivity, appPackage: curefit.me, autoAcceptAlerts: true, chromedriverExecutable: C:\Users\natan\edureka\appi..., databaseEnabled: false, desired: {appActivity: curefit.me.MainActivity, appPackage: curefit.me, autoAcceptAlerts: true, chromedriverExecutable: C:\Users\natan\edureka\appi..., deviceName: 7f6dc907, platformName: android, platformVersion: 9}, deviceApiLevel: 28, deviceManufacturer: OnePlus, deviceModel: ONEPLUS A3003, deviceName: 7f6dc907, deviceScreenDensity: 420, deviceScreenSize: 1080x1920, deviceUDID: 7f6dc907, javascriptEnabled: true, locationContextEnabled: false, networkConnectionEnabled: true, pixelRatio: 2.625, platform: LINUX, platformName: ANDROID, platformVersion: 9, statBarHeight: 63, takesScreenshot: true, viewportRect: {height: 1857, left: 0, top: 63, width: 1080}, warnings: {}, webStorageEnabled: false}
Session ID: e80eb7d5-7ee1-4d95-b451-0024e5093012">
      <![CDATA[org.openqa.selenium.InvalidElementStateException: Tap at [x=-112.5, y=1192.5] has failed
Build info: version: '3.141.59', revision: 'e82be7d358', time: '2018-11-14T08:17:03'
System info: host: 'DESKTOP-CJB6RNK', ip: '192.168.1.124', os.name: 'Windows 10', os.arch: 'amd64', os.version: '10.0', java.version: '14.0.2'
Driver info: io.appium.java_client.android.AndroidDriver
Capabilities {appActivity: curefit.me.MainActivity, appPackage: curefit.me, autoAcceptAlerts: true, chromedriverExecutable: C:\Users\natan\edureka\appi..., databaseEnabled: false, desired: {appActivity: curefit.me.MainActivity, appPackage: curefit.me, autoAcceptAlerts: true, chromedriverExecutable: C:\Users\natan\edureka\appi..., deviceName: 7f6dc907, platformName: android, platformVersion: 9}, deviceApiLevel: 28, deviceManufacturer: OnePlus, deviceModel: ONEPLUS A3003, deviceName: 7f6dc907, deviceScreenDensity: 420, deviceScreenSize: 1080x1920, deviceUDID: 7f6dc907, javascriptEnabled: true, locationContextEnabled: false, networkConnectionEnabled: true, pixelRatio: 2.625, platform: LINUX, platformName: ANDROID, platformVersion: 9, statBarHeight: 63, takesScreenshot: true, viewportRect: {height: 1857, left: 0, top: 63, width: 1080}, warnings: {}, webStorageEnabled: false}
Session ID: e80eb7d5-7ee1-4d95-b451-0024e5093012
at org.openqa.selenium.remote.http.W3CHttpResponseCodec.createException(W3CHttpResponseCodec.java:187)
at org.openqa.selenium.remote.http.W3CHttpResponseCodec.decode(W3CHttpResponseCodec.java:122)
at org.openqa.selenium.remote.http.W3CHttpResponseCodec.decode(W3CHttpResponseCodec.java:49)
at org.openqa.selenium.remote.HttpCommandExecutor.execute(HttpCommandExecutor.java:158)
at io.appium.java_client.remote.AppiumCommandExecutor.execute(AppiumCommandExecutor.java:247)
at org.openqa.selenium.remote.RemoteWebDriver.execute(RemoteWebDriver.java:552)
at io.appium.java_client.DefaultGenericMobileDriver.execute(DefaultGenericMobileDriver.java:41)
at io.appium.java_client.AppiumDriver.execute(AppiumDriver.java:1)
at io.appium.java_client.android.AndroidDriver.execute(AndroidDriver.java:1)
at io.appium.java_client.PerformsTouchActions.performTouchAction(PerformsTouchActions.java:41)
at io.appium.java_client.TouchAction.perform(TouchAction.java:187)
at utility.Utility.tapOnElement(Utility.java:74)
at pom.CureFitProfilePage.tapOnBlogSubMenu(CureFitProfilePage.java:37)
at test.CureFitTests.Challenge5(CureFitTests.java:64)
at java.base/java.util.ArrayList.forEach(ArrayList.java:1511)
... Removed 32 stack frames]]>
    </failure>
  </testcase> <!-- Challenge5 -->
  <testcase classname="test.CureFitTests" name="Challenge6" time="7.483"/>
</testsuite> <!-- Cure Fit validation -->
